SF:lib/src/core/extensions.dart
DA:40,2
DA:41,2
DA:42,2
DA:43,2
DA:44,2
DA:45,2
DA:46,2
DA:47,2
DA:48,2
DA:49,2
DA:50,2
DA:51,2
DA:68,0
DA:69,0
DA:70,0
DA:71,0
DA:72,0
LF:17
LH:12
end_of_record
SF:lib/src/core/fonts.dart
DA:77,0
DA:87,0
DA:106,1
DA:107,2
DA:108,1
DA:116,2
DA:132,0
DA:133,0
DA:185,0
DA:197,0
DA:204,0
DA:205,0
DA:209,0
DA:211,0
DA:220,0
DA:222,0
DA:239,0
DA:245,0
DA:249,0
DA:251,0
DA:260,0
DA:262,0
DA:279,1
DA:285,1
DA:289,1
DA:291,0
DA:296,0
LF:27
LH:7
end_of_record
SF:lib/src/data/models/surah_model.dart
DA:62,0
DA:65,0
LF:2
LH:0
end_of_record
SF:lib/src/data/models/mushaf_style.dart
DA:89,1
DA:100,0
DA:101,0
DA:102,0
DA:106,0
DA:107,0
DA:108,0
DA:112,0
DA:113,0
DA:114,0
DA:118,0
DA:119,0
DA:120,0
DA:280,0
DA:302,0
DA:319,0
DA:320,0
DA:321,0
DA:322,0
DA:324,0
DA:325,0
DA:327,0
DA:328,0
DA:330,0
DA:331,0
DA:332,0
DA:333,0
DA:335,0
DA:336,0
DA:337,0
DA:338,0
LF:31
LH:1
end_of_record
SF:lib/src/presentation/widgets/page_ayah_widget.dart
DA:86,1
DA:98,1
DA:99,1
DA:127,1
DA:130,1
DA:131,4
DA:132,4
DA:133,4
DA:134,4
DA:135,1
DA:138,1
DA:139,1
DA:143,2
DA:148,1
DA:151,3
DA:152,1
DA:154,2
DA:155,2
DA:156,0
DA:158,2
DA:159,2
DA:160,1
DA:167,1
DA:168,1
DA:170,3
DA:171,5
DA:175,2
DA:176,2
DA:179,0
DA:180,0
DA:182,0
DA:186,0
DA:187,0
DA:189,0
DA:190,0
DA:191,0
DA:193,0
DA:195,0
DA:196,0
DA:199,0
DA:200,0
DA:206,2
DA:207,1
DA:208,2
DA:210,6
DA:215,1
DA:216,1
DA:218,4
DA:219,0
DA:220,2
DA:226,1
DA:227,3
DA:228,3
DA:229,3
DA:230,3
LF:55
LH:40
end_of_record
SF:lib/src/data/hive/hive_adapters.g.dart
DA:13,1
DA:15,1
DA:16,1
DA:17,5
DA:19,1
DA:20,2
DA:21,2
DA:22,2
DA:23,2
DA:24,2
DA:25,1
DA:29,0
DA:32,0
DA:33,0
DA:34,0
DA:35,0
DA:36,0
DA:37,0
DA:38,0
DA:39,0
DA:40,0
DA:41,0
DA:42,0
DA:43,0
DA:44,0
DA:47,0
DA:48,0
DA:50,0
DA:53,0
DA:54,0
DA:55,0
DA:62,0
DA:64,0
DA:65,0
DA:66,0
DA:68,0
DA:69,0
DA:70,0
DA:71,0
DA:72,0
DA:76,0
DA:79,0
DA:80,0
DA:81,0
DA:82,0
DA:83,0
DA:84,0
DA:85,0
DA:86,0
DA:87,0
DA:90,0
DA:91,0
DA:93,0
DA:96,0
DA:97,0
DA:98,0
DA:105,0
DA:107,0
DA:108,0
DA:109,0
DA:111,0
DA:112,0
DA:113,0
DA:117,0
DA:120,0
DA:121,0
DA:122,0
DA:123,0
DA:124,0
DA:127,0
DA:128,0
DA:130,0
DA:133,0
DA:134,0
DA:135,0
DA:142,0
DA:144,0
DA:145,0
DA:146,0
DA:148,0
DA:149,0
DA:150,0
DA:151,0
DA:152,0
DA:153,0
DA:154,0
DA:158,0
DA:161,0
DA:162,0
DA:163,0
DA:164,0
DA:165,0
DA:166,0
DA:167,0
DA:168,0
DA:169,0
DA:170,0
DA:171,0
DA:172,0
DA:173,0
DA:176,0
DA:177,0
DA:179,0
DA:182,0
DA:183,0
DA:184,0
LF:106
LH:11
end_of_record
SF:lib/src/data/models/ayah_model.dart
DA:74,1
DA:80,0
LF:2
LH:1
end_of_record
SF:lib/src/data/models/juz_model.dart
DA:43,0
DA:48,0
LF:2
LH:0
end_of_record
SF:lib/src/presentation/widgets/page_number_widget.dart
DA:68,1
DA:76,1
DA:78,1
DA:79,1
DA:80,1
DA:82,2
DA:86,1
DA:87,2
LF:8
LH:8
end_of_record
